<?xml version="1.0" encoding="UTF-8"?>
<testng-results skipped="0" failed="0" ignored="0" total="7" passed="7">
  <reporter-output>
  </reporter-output>
  <suite name="Default suite" duration-ms="317940" started-at="2019-11-22T22:29:15Z" finished-at="2019-11-22T22:34:33Z">
    <groups>
    </groups>
    <test name="Default test" duration-ms="317940" started-at="2019-11-22T22:29:15Z" finished-at="2019-11-22T22:34:33Z">
      <class name="com.mobile.ragression.HBGRegressionTests01to06">
        <test-method status="PASS" signature="init()[pri:0, instance:com.mobile.ragression.HBGRegressionTests01to06@7bedc48a]" name="init" is-config="true" duration-ms="5" started-at="2019-11-22T22:29:15Z" finished-at="2019-11-22T22:29:15Z">
          <reporter-output>
          </reporter-output>
        </test-method> <!-- init -->
        <test-method status="PASS" signature="OpenApp(java.util.Hashtable)[pri:1, instance:com.mobile.ragression.HBGRegressionTests01to06@7bedc48a]" name="OpenApp" duration-ms="137012" started-at="2019-11-22T22:29:15Z" data-provider="getData" finished-at="2019-11-22T22:31:32Z">
          <params>
            <param index="0">
              <value>
                <![CDATA[{Name=XYZ, ExpAmt=300, Runmode=Y}]]>
              </value>
            </param>
          </params>
          <reporter-output>
          </reporter-output>
        </test-method> <!-- OpenApp -->
        <test-method status="PASS" signature="init()[pri:0, instance:com.mobile.ragression.HBGRegressionTests01to06@7bedc48a]" name="init" is-config="true" duration-ms="1" started-at="2019-11-22T22:31:32Z" finished-at="2019-11-22T22:31:32Z">
          <reporter-output>
          </reporter-output>
        </test-method> <!-- init -->
        <test-method status="PASS" signature="HBGRegScenario1()[pri:2, instance:com.mobile.ragression.HBGRegressionTests01to06@7bedc48a]" name="HBGRegScenario1" duration-ms="66125" started-at="2019-11-22T22:31:32Z" depends-on-methods="com.mobile.ragression.HBGRegressionTests01to06.OpenApp" finished-at="2019-11-22T22:32:39Z">
          <reporter-output>
          </reporter-output>
        </test-method> <!-- HBGRegScenario1 -->
        <test-method status="PASS" signature="HBGRegScenario2()[pri:3, instance:com.mobile.ragression.HBGRegressionTests01to06@7bedc48a]" name="HBGRegScenario2" duration-ms="27965" started-at="2019-11-22T22:32:39Z" finished-at="2019-11-22T22:33:06Z">
          <reporter-output>
          </reporter-output>
        </test-method> <!-- HBGRegScenario2 -->
        <test-method status="PASS" signature="init()[pri:0, instance:com.mobile.ragression.HBGRegressionTests01to06@7bedc48a]" name="init" is-config="true" duration-ms="0" started-at="2019-11-22T22:32:39Z" finished-at="2019-11-22T22:32:39Z">
          <reporter-output>
          </reporter-output>
        </test-method> <!-- init -->
        <test-method status="PASS" signature="init()[pri:0, instance:com.mobile.ragression.HBGRegressionTests01to06@7bedc48a]" name="init" is-config="true" duration-ms="1" started-at="2019-11-22T22:33:06Z" finished-at="2019-11-22T22:33:06Z">
          <reporter-output>
          </reporter-output>
        </test-method> <!-- init -->
        <test-method status="PASS" signature="HBGRegScenario3()[pri:4, instance:com.mobile.ragression.HBGRegressionTests01to06@7bedc48a]" name="HBGRegScenario3" duration-ms="21567" started-at="2019-11-22T22:33:06Z" finished-at="2019-11-22T22:33:28Z">
          <reporter-output>
          </reporter-output>
        </test-method> <!-- HBGRegScenario3 -->
        <test-method status="PASS" signature="init()[pri:0, instance:com.mobile.ragression.HBGRegressionTests01to06@7bedc48a]" name="init" is-config="true" duration-ms="0" started-at="2019-11-22T22:33:28Z" finished-at="2019-11-22T22:33:28Z">
          <reporter-output>
          </reporter-output>
        </test-method> <!-- init -->
        <test-method status="PASS" signature="HBGRegScenario4()[pri:5, instance:com.mobile.ragression.HBGRegressionTests01to06@7bedc48a]" name="HBGRegScenario4" duration-ms="21303" started-at="2019-11-22T22:33:28Z" finished-at="2019-11-22T22:33:49Z">
          <reporter-output>
          </reporter-output>
        </test-method> <!-- HBGRegScenario4 -->
        <test-method status="PASS" signature="HBGRegScenario5()[pri:6, instance:com.mobile.ragression.HBGRegressionTests01to06@7bedc48a]" name="HBGRegScenario5" duration-ms="21576" started-at="2019-11-22T22:33:49Z" finished-at="2019-11-22T22:34:11Z">
          <reporter-output>
          </reporter-output>
        </test-method> <!-- HBGRegScenario5 -->
        <test-method status="PASS" signature="init()[pri:0, instance:com.mobile.ragression.HBGRegressionTests01to06@7bedc48a]" name="init" is-config="true" duration-ms="0" started-at="2019-11-22T22:33:49Z" finished-at="2019-11-22T22:33:49Z">
          <reporter-output>
          </reporter-output>
        </test-method> <!-- init -->
        <test-method status="PASS" signature="HBGRegScenario6()[pri:7, instance:com.mobile.ragression.HBGRegressionTests01to06@7bedc48a]" name="HBGRegScenario6" duration-ms="20840" started-at="2019-11-22T22:34:11Z" finished-at="2019-11-22T22:34:32Z">
          <reporter-output>
          </reporter-output>
        </test-method> <!-- HBGRegScenario6 -->
        <test-method status="PASS" signature="init()[pri:0, instance:com.mobile.ragression.HBGRegressionTests01to06@7bedc48a]" name="init" is-config="true" duration-ms="0" started-at="2019-11-22T22:34:11Z" finished-at="2019-11-22T22:34:11Z">
          <reporter-output>
          </reporter-output>
        </test-method> <!-- init -->
        <test-method status="PASS" signature="quit()[pri:0, instance:com.mobile.ragression.HBGRegressionTests01to06@7bedc48a]" name="quit" is-config="true" duration-ms="1489" started-at="2019-11-22T22:34:32Z" finished-at="2019-11-22T22:34:33Z">
          <reporter-output>
          </reporter-output>
        </test-method> <!-- quit -->
      </class> <!-- com.mobile.ragression.HBGRegressionTests01to06 -->
    </test> <!-- Default test -->
  </suite> <!-- Default suite -->
</testng-results>
