<?xml version="1.0" encoding="UTF-8"?>
<!-- Generated by org.testng.reporters.JUnitXMLReporter -->
<testsuite hostname="KPs-MacBook-Air.local" ignored="0" name="Default test" tests="7" failures="0" timestamp="22 Nov 2019 22:34:38 GMT" time="317.94" errors="0">
  <testcase name="OpenApp" time="137.012" classname="com.mobile.ragression.HBGRegressionTests01to06"/>
  <testcase name="HBGRegScenario1" time="66.125" classname="com.mobile.ragression.HBGRegressionTests01to06"/>
  <testcase name="HBGRegScenario2" time="27.965" classname="com.mobile.ragression.HBGRegressionTests01to06"/>
  <testcase name="HBGRegScenario3" time="21.567" classname="com.mobile.ragression.HBGRegressionTests01to06"/>
  <testcase name="HBGRegScenario4" time="21.303" classname="com.mobile.ragression.HBGRegressionTests01to06"/>
  <testcase name="HBGRegScenario5" time="21.576" classname="com.mobile.ragression.HBGRegressionTests01to06"/>
  <testcase name="HBGRegScenario6" time="20.84" classname="com.mobile.ragression.HBGRegressionTests01to06"/>
</testsuite> <!-- Default test -->
